<?xml version="1.0" encoding="UTF-8"?>
<coverage generated="1535984739499" clover="3.2.0">
  <project timestamp="1535984739499" name="All files">
    <metrics statements="65" coveredstatements="56" conditionals="20" coveredconditionals="13" methods="10" coveredmethods="7" elements="95" coveredelements="76" complexity="0" loc="65" ncloc="65" packages="3" files="3" classes="3">
      <package name="app">
        <metrics statements="34" coveredstatements="26" conditionals="8" coveredconditionals="3" methods="4" coveredmethods="1"/>
        <file name="main.js" path="/Users/mathiasakerberg/Documents/development/javascript/futurniture-test/app/main.js">
          <metrics statements="34" coveredstatements="26" conditionals="8" coveredconditionals="3" methods="4" coveredmethods="1"/>
          <line num="3" count="2" type="stmt"/>
          <line num="5" count="2" type="stmt"/>
          <line num="6" count="2" type="stmt"/>
          <line num="7" count="2" type="stmt"/>
          <line num="8" count="2" type="stmt"/>
          <line num="9" count="2" type="stmt"/>
          <line num="10" count="2" type="stmt"/>
          <line num="11" count="2" type="stmt"/>
          <line num="12" count="2" type="stmt"/>
          <line num="14" count="2" type="stmt"/>
          <line num="16" count="2" type="stmt"/>
          <line num="19" count="2" type="stmt"/>
          <line num="20" count="2" type="stmt"/>
          <line num="23" count="2" type="stmt"/>
          <line num="25" count="2" type="stmt"/>
          <line num="26" count="2" type="stmt"/>
          <line num="27" count="2" type="stmt"/>
          <line num="28" count="2" type="stmt"/>
          <line num="30" count="2" type="stmt"/>
          <line num="33" count="2" type="stmt"/>
          <line num="34" count="0" type="stmt"/>
          <line num="35" count="0" type="stmt"/>
          <line num="36" count="0" type="stmt"/>
          <line num="43" count="2" type="cond" truecount="1" falsecount="1"/>
          <line num="44" count="0" type="stmt"/>
          <line num="45" count="0" type="cond" truecount="0" falsecount="2"/>
          <line num="46" count="0" type="stmt"/>
          <line num="55" count="2" type="stmt"/>
          <line num="56" count="0" type="cond" truecount="0" falsecount="2"/>
          <line num="57" count="0" type="stmt"/>
          <line num="63" count="2" type="cond" truecount="2" falsecount="0"/>
          <line num="65" count="2" type="stmt"/>
          <line num="66" count="2" type="stmt"/>
          <line num="69" count="2" type="stmt"/>
        </file>
      </package>
      <package name="app.routes">
        <metrics statements="19" coveredstatements="19" conditionals="8" coveredconditionals="8" methods="5" coveredmethods="5"/>
        <file name="index.js" path="/Users/mathiasakerberg/Documents/development/javascript/futurniture-test/app/routes/index.js">
          <metrics statements="19" coveredstatements="19" conditionals="8" coveredconditionals="8" methods="5" coveredmethods="5"/>
          <line num="1" count="2" type="stmt"/>
          <line num="2" count="2" type="stmt"/>
          <line num="3" count="2" type="stmt"/>
          <line num="6" count="2" type="stmt"/>
          <line num="7" count="1" type="stmt"/>
          <line num="11" count="2" type="stmt"/>
          <line num="12" count="2" type="cond" truecount="2" falsecount="0"/>
          <line num="13" count="2" type="cond" truecount="2" falsecount="0"/>
          <line num="15" count="2" type="stmt"/>
          <line num="19" count="2" type="stmt"/>
          <line num="20" count="2" type="stmt"/>
          <line num="21" count="2" type="stmt"/>
          <line num="22" count="12" type="cond" truecount="2" falsecount="0"/>
          <line num="23" count="2" type="stmt"/>
          <line num="26" count="12" type="cond" truecount="2" falsecount="0"/>
          <line num="27" count="2" type="stmt"/>
          <line num="29" count="10" type="stmt"/>
          <line num="33" count="2" type="stmt"/>
          <line num="40" count="2" type="stmt"/>
        </file>
      </package>
      <package name="app.tools">
        <metrics statements="12" coveredstatements="11" conditionals="4" coveredconditionals="2" methods="1" coveredmethods="1"/>
        <file name="logger.js" path="/Users/mathiasakerberg/Documents/development/javascript/futurniture-test/app/tools/logger.js">
          <metrics statements="12" coveredstatements="11" conditionals="4" coveredconditionals="2" methods="1" coveredmethods="1"/>
          <line num="1" count="2" type="stmt"/>
          <line num="2" count="2" type="stmt"/>
          <line num="3" count="2" type="stmt"/>
          <line num="6" count="2" type="stmt"/>
          <line num="7" count="2" type="cond" truecount="1" falsecount="1"/>
          <line num="8" count="0" type="stmt"/>
          <line num="11" count="2" type="stmt"/>
          <line num="14" count="4" type="stmt"/>
          <line num="17" count="2" type="stmt"/>
          <line num="34" count="2" type="cond" truecount="1" falsecount="1"/>
          <line num="35" count="2" type="stmt"/>
          <line num="40" count="2" type="stmt"/>
        </file>
      </package>
    </metrics>
  </project>
</coverage>
