{"/Users/mathiasakerberg/Documents/development/javascript/futurniture-test/app/main.js": {"path":"/Users/mathiasakerberg/Documents/development/javascript/futurniture-test/app/main.js","statementMap":{"0":{"start":{"line":3,"column":0},"end":{"line":3,"column":27}},"1":{"start":{"line":5,"column":14},"end":{"line":5,"column":30}},"2":{"start":{"line":6,"column":16},"end":{"line":6,"column":34}},"3":{"start":{"line":7,"column":13},"end":{"line":7,"column":28}},"4":{"start":{"line":8,"column":11},"end":{"line":8,"column":24}},"5":{"start":{"line":9,"column":15},"end":{"line":9,"column":32}},"6":{"start":{"line":10,"column":15},"end":{"line":10,"column":40}},"7":{"start":{"line":11,"column":21},"end":{"line":11,"column":45}},"8":{"start":{"line":12,"column":19},"end":{"line":12,"column":41}},"9":{"start":{"line":14,"column":15},"end":{"line":14,"column":40}},"10":{"start":{"line":16,"column":12},"end":{"line":16,"column":21}},"11":{"start":{"line":19,"column":0},"end":{"line":19,"column":48}},"12":{"start":{"line":20,"column":0},"end":{"line":20,"column":30}},"13":{"start":{"line":23,"column":0},"end":{"line":23,"column":38}},"14":{"start":{"line":25,"column":0},"end":{"line":25,"column":27}},"15":{"start":{"line":26,"column":0},"end":{"line":26,"column":52}},"16":{"start":{"line":27,"column":0},"end":{"line":27,"column":24}},"17":{"start":{"line":28,"column":0},"end":{"line":28,"column":56}},"18":{"start":{"line":30,"column":0},"end":{"line":30,"column":21}},"19":{"start":{"line":33,"column":0},"end":{"line":37,"column":3}},"20":{"start":{"line":34,"column":12},"end":{"line":34,"column":34}},"21":{"start":{"line":35,"column":2},"end":{"line":35,"column":19}},"22":{"start":{"line":36,"column":2},"end":{"line":36,"column":12}},"23":{"start":{"line":43,"column":0},"end":{"line":51,"column":1}},"24":{"start":{"line":44,"column":2},"end":{"line":50,"column":5}},"25":{"start":{"line":45,"column":4},"end":{"line":45,"column":34}},"26":{"start":{"line":46,"column":4},"end":{"line":49,"column":7}},"27":{"start":{"line":55,"column":0},"end":{"line":61,"column":3}},"28":{"start":{"line":56,"column":2},"end":{"line":56,"column":32}},"29":{"start":{"line":57,"column":2},"end":{"line":60,"column":5}},"30":{"start":{"line":63,"column":0},"end":{"line":63,"column":42}},"31":{"start":{"line":65,"column":0},"end":{"line":67,"column":3}},"32":{"start":{"line":66,"column":2},"end":{"line":66,"column":80}},"33":{"start":{"line":69,"column":0},"end":{"line":69,"column":21}}},"fnMap":{"0":{"name":"(anonymous_0)","decl":{"start":{"line":33,"column":8},"end":{"line":33,"column":9}},"loc":{"start":{"line":33,"column":33},"end":{"line":37,"column":1}},"line":33},"1":{"name":"(anonymous_1)","decl":{"start":{"line":44,"column":10},"end":{"line":44,"column":11}},"loc":{"start":{"line":44,"column":34},"end":{"line":50,"column":3}},"line":44},"2":{"name":"(anonymous_2)","decl":{"start":{"line":55,"column":8},"end":{"line":55,"column":9}},"loc":{"start":{"line":55,"column":32},"end":{"line":61,"column":1}},"line":55},"3":{"name":"(anonymous_3)","decl":{"start":{"line":65,"column":41},"end":{"line":65,"column":42}},"loc":{"start":{"line":65,"column":52},"end":{"line":67,"column":1}},"line":65}},"branchMap":{"0":{"loc":{"start":{"line":43,"column":0},"end":{"line":51,"column":1}},"type":"if","locations":[{"start":{"line":43,"column":0},"end":{"line":51,"column":1}},{"start":{"line":43,"column":0},"end":{"line":51,"column":1}}],"line":43},"1":{"loc":{"start":{"line":45,"column":15},"end":{"line":45,"column":32}},"type":"binary-expr","locations":[{"start":{"line":45,"column":15},"end":{"line":45,"column":25}},{"start":{"line":45,"column":29},"end":{"line":45,"column":32}}],"line":45},"2":{"loc":{"start":{"line":56,"column":13},"end":{"line":56,"column":30}},"type":"binary-expr","locations":[{"start":{"line":56,"column":13},"end":{"line":56,"column":23}},{"start":{"line":56,"column":27},"end":{"line":56,"column":30}}],"line":56},"3":{"loc":{"start":{"line":63,"column":16},"end":{"line":63,"column":40}},"type":"binary-expr","locations":[{"start":{"line":63,"column":16},"end":{"line":63,"column":32}},{"start":{"line":63,"column":36},"end":{"line":63,"column":40}}],"line":63}},"s":{"0":2,"1":2,"2":2,"3":2,"4":2,"5":2,"6":2,"7":2,"8":2,"9":2,"10":2,"11":2,"12":2,"13":2,"14":2,"15":2,"16":2,"17":2,"18":2,"19":2,"20":0,"21":0,"22":0,"23":2,"24":0,"25":0,"26":0,"27":2,"28":0,"29":0,"30":2,"31":2,"32":2,"33":2},"f":{"0":0,"1":0,"2":0,"3":2},"b":{"0":[0,2],"1":[0,0],"2":[0,0],"3":[2,2]},"_coverageSchema":"332fd63041d2c1bcb487cc26dd0d5f7d97098a6c","hash":"54c2fc6988b781e78626b7c37e9caacec6beb9cc"}
,"/Users/mathiasakerberg/Documents/development/javascript/futurniture-test/app/routes/index.js": {"path":"/Users/mathiasakerberg/Documents/development/javascript/futurniture-test/app/routes/index.js","statementMap":{"0":{"start":{"line":1,"column":16},"end":{"line":1,"column":34}},"1":{"start":{"line":2,"column":15},"end":{"line":2,"column":31}},"2":{"start":{"line":3,"column":19},"end":{"line":3,"column":45}},"3":{"start":{"line":5,"column":33},"end":{"line":20,"column":1}},"4":{"start":{"line":6,"column":15},"end":{"line":6,"column":17}},"5":{"start":{"line":7,"column":2},"end":{"line":18,"column":3}},"6":{"start":{"line":8,"column":4},"end":{"line":17,"column":6}},"7":{"start":{"line":9,"column":6},"end":{"line":10,"column":34}},"8":{"start":{"line":10,"column":8},"end":{"line":10,"column":34}},"9":{"start":{"line":13,"column":6},"end":{"line":16,"column":45}},"10":{"start":{"line":14,"column":8},"end":{"line":14,"column":43}},"11":{"start":{"line":16,"column":8},"end":{"line":16,"column":45}},"12":{"start":{"line":19,"column":2},"end":{"line":19,"column":15}},"13":{"start":{"line":23,"column":0},"end":{"line":25,"column":2}},"14":{"start":{"line":24,"column":2},"end":{"line":24,"column":14}},"15":{"start":{"line":28,"column":0},"end":{"line":39,"column":2}},"16":{"start":{"line":29,"column":15},"end":{"line":29,"column":62}},"17":{"start":{"line":30,"column":20},"end":{"line":30,"column":88}},"18":{"start":{"line":32,"column":2},"end":{"line":38,"column":4}},"19":{"start":{"line":34,"column":4},"end":{"line":37,"column":6}},"20":{"start":{"line":41,"column":0},"end":{"line":41,"column":24}}},"fnMap":{"0":{"name":"(anonymous_0)","decl":{"start":{"line":5,"column":33},"end":{"line":5,"column":34}},"loc":{"start":{"line":5,"column":47},"end":{"line":20,"column":1}},"line":5},"1":{"name":"(anonymous_1)","decl":{"start":{"line":7,"column":19},"end":{"line":7,"column":20}},"loc":{"start":{"line":8,"column":4},"end":{"line":17,"column":6}},"line":8},"2":{"name":"(anonymous_2)","decl":{"start":{"line":8,"column":29},"end":{"line":8,"column":30}},"loc":{"start":{"line":8,"column":39},"end":{"line":17,"column":5}},"line":8},"3":{"name":"(anonymous_3)","decl":{"start":{"line":23,"column":16},"end":{"line":23,"column":17}},"loc":{"start":{"line":23,"column":36},"end":{"line":25,"column":1}},"line":23},"4":{"name":"(anonymous_4)","decl":{"start":{"line":28,"column":37},"end":{"line":28,"column":38}},"loc":{"start":{"line":28,"column":57},"end":{"line":39,"column":1}},"line":28},"5":{"name":"(anonymous_5)","decl":{"start":{"line":33,"column":8},"end":{"line":33,"column":9}},"loc":{"start":{"line":33,"column":20},"end":{"line":38,"column":3}},"line":33}},"branchMap":{"0":{"loc":{"start":{"line":9,"column":6},"end":{"line":10,"column":34}},"type":"if","locations":[{"start":{"line":9,"column":6},"end":{"line":10,"column":34}},{"start":{"line":9,"column":6},"end":{"line":10,"column":34}}],"line":9},"1":{"loc":{"start":{"line":13,"column":6},"end":{"line":16,"column":45}},"type":"if","locations":[{"start":{"line":13,"column":6},"end":{"line":16,"column":45}},{"start":{"line":13,"column":6},"end":{"line":16,"column":45}}],"line":13},"2":{"loc":{"start":{"line":29,"column":15},"end":{"line":29,"column":62}},"type":"cond-expr","locations":[{"start":{"line":29,"column":44},"end":{"line":29,"column":57}},{"start":{"line":29,"column":60},"end":{"line":29,"column":62}}],"line":29},"3":{"loc":{"start":{"line":30,"column":20},"end":{"line":30,"column":88}},"type":"cond-expr","locations":[{"start":{"line":30,"column":54},"end":{"line":30,"column":83}},{"start":{"line":30,"column":86},"end":{"line":30,"column":88}}],"line":30}},"s":{"0":2,"1":2,"2":2,"3":2,"4":2,"5":2,"6":2,"7":12,"8":2,"9":12,"10":2,"11":10,"12":2,"13":2,"14":1,"15":2,"16":2,"17":2,"18":2,"19":2,"20":2},"f":{"0":2,"1":2,"2":12,"3":1,"4":2,"5":2},"b":{"0":[2,10],"1":[2,10],"2":[1,1],"3":[1,1]},"_coverageSchema":"332fd63041d2c1bcb487cc26dd0d5f7d97098a6c","hash":"e8077ca3956cd11d006ed2625388ea8642fa5763"}
,"/Users/mathiasakerberg/Documents/development/javascript/futurniture-test/app/tools/logger.js": {"path":"/Users/mathiasakerberg/Documents/development/javascript/futurniture-test/app/tools/logger.js","statementMap":{"0":{"start":{"line":1,"column":11},"end":{"line":1,"column":24}},"1":{"start":{"line":2,"column":45},"end":{"line":2,"column":63}},"2":{"start":{"line":3,"column":46},"end":{"line":3,"column":52}},"3":{"start":{"line":6,"column":15},"end":{"line":6,"column":39}},"4":{"start":{"line":7,"column":0},"end":{"line":9,"column":1}},"5":{"start":{"line":8,"column":2},"end":{"line":8,"column":22}},"6":{"start":{"line":11,"column":21},"end":{"line":15,"column":1}},"7":{"start":{"line":14,"column":19},"end":{"line":14,"column":93}},"8":{"start":{"line":17,"column":15},"end":{"line":28,"column":2}},"9":{"start":{"line":34,"column":0},"end":{"line":38,"column":1}},"10":{"start":{"line":35,"column":2},"end":{"line":37,"column":5}},"11":{"start":{"line":40,"column":0},"end":{"line":40,"column":23}}},"fnMap":{"0":{"name":"(anonymous_0)","decl":{"start":{"line":14,"column":9},"end":{"line":14,"column":10}},"loc":{"start":{"line":14,"column":17},"end":{"line":14,"column":95}},"line":14}},"branchMap":{"0":{"loc":{"start":{"line":7,"column":0},"end":{"line":9,"column":1}},"type":"if","locations":[{"start":{"line":7,"column":0},"end":{"line":9,"column":1}},{"start":{"line":7,"column":0},"end":{"line":9,"column":1}}],"line":7},"1":{"loc":{"start":{"line":34,"column":0},"end":{"line":38,"column":1}},"type":"if","locations":[{"start":{"line":34,"column":0},"end":{"line":38,"column":1}},{"start":{"line":34,"column":0},"end":{"line":38,"column":1}}],"line":34}},"s":{"0":2,"1":2,"2":2,"3":2,"4":2,"5":0,"6":2,"7":4,"8":2,"9":2,"10":2,"11":2},"f":{"0":4},"b":{"0":[0,2],"1":[2,0]},"_coverageSchema":"332fd63041d2c1bcb487cc26dd0d5f7d97098a6c","hash":"2105f49535f1c6b7b38a125b706234155d27f413"}
}
