{"/Users/mathiasakerberg/Documents/development/javascript/futurniture-test/app/main.js": {"path":"/Users/mathiasakerberg/Documents/development/javascript/futurniture-test/app/main.js","statementMap":{"0":{"start":{"line":3,"column":0},"end":{"line":3,"column":27}},"1":{"start":{"line":5,"column":14},"end":{"line":5,"column":30}},"2":{"start":{"line":6,"column":16},"end":{"line":6,"column":34}},"3":{"start":{"line":7,"column":13},"end":{"line":7,"column":28}},"4":{"start":{"line":8,"column":11},"end":{"line":8,"column":24}},"5":{"start":{"line":9,"column":15},"end":{"line":9,"column":32}},"6":{"start":{"line":10,"column":15},"end":{"line":10,"column":40}},"7":{"start":{"line":11,"column":21},"end":{"line":11,"column":45}},"8":{"start":{"line":12,"column":19},"end":{"line":12,"column":41}},"9":{"start":{"line":14,"column":15},"end":{"line":14,"column":40}},"10":{"start":{"line":16,"column":12},"end":{"line":16,"column":21}},"11":{"start":{"line":19,"column":0},"end":{"line":19,"column":48}},"12":{"start":{"line":20,"column":0},"end":{"line":20,"column":30}},"13":{"start":{"line":23,"column":0},"end":{"line":23,"column":38}},"14":{"start":{"line":25,"column":0},"end":{"line":25,"column":27}},"15":{"start":{"line":26,"column":0},"end":{"line":26,"column":52}},"16":{"start":{"line":27,"column":0},"end":{"line":27,"column":24}},"17":{"start":{"line":28,"column":0},"end":{"line":28,"column":56}},"18":{"start":{"line":30,"column":0},"end":{"line":30,"column":21}},"19":{"start":{"line":33,"column":0},"end":{"line":37,"column":3}},"20":{"start":{"line":34,"column":12},"end":{"line":34,"column":34}},"21":{"start":{"line":35,"column":2},"end":{"line":35,"column":19}},"22":{"start":{"line":36,"column":2},"end":{"line":36,"column":12}},"23":{"start":{"line":43,"column":0},"end":{"line":51,"column":1}},"24":{"start":{"line":44,"column":2},"end":{"line":50,"column":5}},"25":{"start":{"line":45,"column":4},"end":{"line":45,"column":34}},"26":{"start":{"line":46,"column":4},"end":{"line":49,"column":7}},"27":{"start":{"line":55,"column":0},"end":{"line":61,"column":3}},"28":{"start":{"line":56,"column":2},"end":{"line":56,"column":32}},"29":{"start":{"line":57,"column":2},"end":{"line":60,"column":5}},"30":{"start":{"line":63,"column":0},"end":{"line":63,"column":42}},"31":{"start":{"line":65,"column":0},"end":{"line":67,"column":3}},"32":{"start":{"line":66,"column":2},"end":{"line":66,"column":80}},"33":{"start":{"line":69,"column":0},"end":{"line":69,"column":21}}},"fnMap":{"0":{"name":"(anonymous_0)","decl":{"start":{"line":33,"column":8},"end":{"line":33,"column":9}},"loc":{"start":{"line":33,"column":33},"end":{"line":37,"column":1}},"line":33},"1":{"name":"(anonymous_1)","decl":{"start":{"line":44,"column":10},"end":{"line":44,"column":11}},"loc":{"start":{"line":44,"column":34},"end":{"line":50,"column":3}},"line":44},"2":{"name":"(anonymous_2)","decl":{"start":{"line":55,"column":8},"end":{"line":55,"column":9}},"loc":{"start":{"line":55,"column":32},"end":{"line":61,"column":1}},"line":55},"3":{"name":"(anonymous_3)","decl":{"start":{"line":65,"column":41},"end":{"line":65,"column":42}},"loc":{"start":{"line":65,"column":52},"end":{"line":67,"column":1}},"line":65}},"branchMap":{"0":{"loc":{"start":{"line":43,"column":0},"end":{"line":51,"column":1}},"type":"if","locations":[{"start":{"line":43,"column":0},"end":{"line":51,"column":1}},{"start":{"line":43,"column":0},"end":{"line":51,"column":1}}],"line":43},"1":{"loc":{"start":{"line":45,"column":15},"end":{"line":45,"column":32}},"type":"binary-expr","locations":[{"start":{"line":45,"column":15},"end":{"line":45,"column":25}},{"start":{"line":45,"column":29},"end":{"line":45,"column":32}}],"line":45},"2":{"loc":{"start":{"line":56,"column":13},"end":{"line":56,"column":30}},"type":"binary-expr","locations":[{"start":{"line":56,"column":13},"end":{"line":56,"column":23}},{"start":{"line":56,"column":27},"end":{"line":56,"column":30}}],"line":56},"3":{"loc":{"start":{"line":63,"column":16},"end":{"line":63,"column":40}},"type":"binary-expr","locations":[{"start":{"line":63,"column":16},"end":{"line":63,"column":32}},{"start":{"line":63,"column":36},"end":{"line":63,"column":40}}],"line":63}},"s":{"0":1,"1":1,"2":1,"3":1,"4":1,"5":1,"6":1,"7":1,"8":1,"9":1,"10":1,"11":1,"12":1,"13":1,"14":1,"15":1,"16":1,"17":1,"18":1,"19":1,"20":0,"21":0,"22":0,"23":1,"24":0,"25":0,"26":0,"27":1,"28":0,"29":0,"30":1,"31":1,"32":1,"33":1},"f":{"0":0,"1":0,"2":0,"3":1},"b":{"0":[0,1],"1":[0,0],"2":[0,0],"3":[1,1]},"_coverageSchema":"332fd63041d2c1bcb487cc26dd0d5f7d97098a6c","hash":"54c2fc6988b781e78626b7c37e9caacec6beb9cc"}
,"/Users/mathiasakerberg/Documents/development/javascript/futurniture-test/app/routes/index.js": {"path":"/Users/mathiasakerberg/Documents/development/javascript/futurniture-test/app/routes/index.js","statementMap":{"0":{"start":{"line":1,"column":16},"end":{"line":1,"column":34}},"1":{"start":{"line":2,"column":15},"end":{"line":2,"column":31}},"2":{"start":{"line":3,"column":19},"end":{"line":3,"column":42}},"3":{"start":{"line":5,"column":0},"end":{"line":5,"column":69}},"4":{"start":{"line":8,"column":0},"end":{"line":10,"column":2}},"5":{"start":{"line":9,"column":2},"end":{"line":9,"column":14}},"6":{"start":{"line":12,"column":0},"end":{"line":12,"column":24}}},"fnMap":{"0":{"name":"(anonymous_0)","decl":{"start":{"line":8,"column":16},"end":{"line":8,"column":17}},"loc":{"start":{"line":8,"column":36},"end":{"line":10,"column":1}},"line":8}},"branchMap":{},"s":{"0":1,"1":1,"2":1,"3":1,"4":1,"5":1,"6":1},"f":{"0":1},"b":{},"_coverageSchema":"332fd63041d2c1bcb487cc26dd0d5f7d97098a6c","hash":"5380f7ad70fece47ed8a987feccbea7233ef98ed"}
,"/Users/mathiasakerberg/Documents/development/javascript/futurniture-test/app/routes/statistics.js": {"path":"/Users/mathiasakerberg/Documents/development/javascript/futurniture-test/app/routes/statistics.js","statementMap":{"0":{"start":{"line":1,"column":15},"end":{"line":1,"column":43}},"1":{"start":{"line":2,"column":11},"end":{"line":2,"column":37}},"2":{"start":{"line":4,"column":22},"end":{"line":20,"column":1}},"3":{"start":{"line":5,"column":16},"end":{"line":5,"column":18}},"4":{"start":{"line":6,"column":2},"end":{"line":17,"column":3}},"5":{"start":{"line":7,"column":4},"end":{"line":16,"column":6}},"6":{"start":{"line":8,"column":6},"end":{"line":9,"column":36}},"7":{"start":{"line":9,"column":8},"end":{"line":9,"column":36}},"8":{"start":{"line":12,"column":6},"end":{"line":15,"column":47}},"9":{"start":{"line":13,"column":8},"end":{"line":13,"column":45}},"10":{"start":{"line":15,"column":8},"end":{"line":15,"column":47}},"11":{"start":{"line":19,"column":2},"end":{"line":19,"column":17}},"12":{"start":{"line":22,"column":0},"end":{"line":39,"column":2}},"13":{"start":{"line":25,"column":17},"end":{"line":25,"column":59}},"14":{"start":{"line":26,"column":22},"end":{"line":26,"column":85}},"15":{"start":{"line":28,"column":4},"end":{"line":36,"column":6}},"16":{"start":{"line":30,"column":6},"end":{"line":30,"column":73}},"17":{"start":{"line":32,"column":6},"end":{"line":35,"column":8}}},"fnMap":{"0":{"name":"(anonymous_0)","decl":{"start":{"line":4,"column":22},"end":{"line":4,"column":23}},"loc":{"start":{"line":4,"column":31},"end":{"line":20,"column":1}},"line":4},"1":{"name":"(anonymous_1)","decl":{"start":{"line":6,"column":14},"end":{"line":6,"column":15}},"loc":{"start":{"line":7,"column":4},"end":{"line":16,"column":6}},"line":7},"2":{"name":"(anonymous_2)","decl":{"start":{"line":7,"column":29},"end":{"line":7,"column":30}},"loc":{"start":{"line":7,"column":39},"end":{"line":16,"column":5}},"line":7},"3":{"name":"(anonymous_3)","decl":{"start":{"line":24,"column":23},"end":{"line":24,"column":24}},"loc":{"start":{"line":24,"column":37},"end":{"line":37,"column":3}},"line":24},"4":{"name":"(anonymous_4)","decl":{"start":{"line":29,"column":10},"end":{"line":29,"column":11}},"loc":{"start":{"line":29,"column":22},"end":{"line":36,"column":5}},"line":29}},"branchMap":{"0":{"loc":{"start":{"line":8,"column":6},"end":{"line":9,"column":36}},"type":"if","locations":[{"start":{"line":8,"column":6},"end":{"line":9,"column":36}},{"start":{"line":8,"column":6},"end":{"line":9,"column":36}}],"line":8},"1":{"loc":{"start":{"line":12,"column":6},"end":{"line":15,"column":47}},"type":"if","locations":[{"start":{"line":12,"column":6},"end":{"line":15,"column":47}},{"start":{"line":12,"column":6},"end":{"line":15,"column":47}}],"line":12},"2":{"loc":{"start":{"line":25,"column":17},"end":{"line":25,"column":59}},"type":"cond-expr","locations":[{"start":{"line":25,"column":41},"end":{"line":25,"column":54}},{"start":{"line":25,"column":57},"end":{"line":25,"column":59}}],"line":25},"3":{"loc":{"start":{"line":26,"column":22},"end":{"line":26,"column":85}},"type":"cond-expr","locations":[{"start":{"line":26,"column":51},"end":{"line":26,"column":80}},{"start":{"line":26,"column":83},"end":{"line":26,"column":85}}],"line":26}},"s":{"0":1,"1":1,"2":1,"3":2,"4":2,"5":2,"6":12,"7":2,"8":12,"9":2,"10":10,"11":2,"12":1,"13":2,"14":2,"15":2,"16":2,"17":2},"f":{"0":2,"1":2,"2":12,"3":2,"4":2},"b":{"0":[2,10],"1":[2,10],"2":[1,1],"3":[1,1]},"_coverageSchema":"332fd63041d2c1bcb487cc26dd0d5f7d97098a6c","hash":"529a58c7ea9dbc9010bb85d5485fb754e74d7380"}
,"/Users/mathiasakerberg/Documents/development/javascript/futurniture-test/app/tools/logger.js": {"path":"/Users/mathiasakerberg/Documents/development/javascript/futurniture-test/app/tools/logger.js","statementMap":{"0":{"start":{"line":1,"column":11},"end":{"line":1,"column":24}},"1":{"start":{"line":2,"column":45},"end":{"line":2,"column":63}},"2":{"start":{"line":3,"column":46},"end":{"line":3,"column":52}},"3":{"start":{"line":6,"column":15},"end":{"line":6,"column":39}},"4":{"start":{"line":7,"column":0},"end":{"line":9,"column":1}},"5":{"start":{"line":8,"column":2},"end":{"line":8,"column":22}},"6":{"start":{"line":11,"column":21},"end":{"line":15,"column":1}},"7":{"start":{"line":14,"column":19},"end":{"line":14,"column":93}},"8":{"start":{"line":17,"column":15},"end":{"line":28,"column":2}},"9":{"start":{"line":34,"column":0},"end":{"line":38,"column":1}},"10":{"start":{"line":35,"column":2},"end":{"line":37,"column":5}},"11":{"start":{"line":40,"column":0},"end":{"line":40,"column":23}}},"fnMap":{"0":{"name":"(anonymous_0)","decl":{"start":{"line":14,"column":9},"end":{"line":14,"column":10}},"loc":{"start":{"line":14,"column":17},"end":{"line":14,"column":95}},"line":14}},"branchMap":{"0":{"loc":{"start":{"line":7,"column":0},"end":{"line":9,"column":1}},"type":"if","locations":[{"start":{"line":7,"column":0},"end":{"line":9,"column":1}},{"start":{"line":7,"column":0},"end":{"line":9,"column":1}}],"line":7},"1":{"loc":{"start":{"line":34,"column":0},"end":{"line":38,"column":1}},"type":"if","locations":[{"start":{"line":34,"column":0},"end":{"line":38,"column":1}},{"start":{"line":34,"column":0},"end":{"line":38,"column":1}}],"line":34}},"s":{"0":1,"1":1,"2":1,"3":1,"4":1,"5":0,"6":1,"7":6,"8":1,"9":1,"10":1,"11":1},"f":{"0":6},"b":{"0":[0,1],"1":[1,0]},"_coverageSchema":"332fd63041d2c1bcb487cc26dd0d5f7d97098a6c","hash":"2105f49535f1c6b7b38a125b706234155d27f413"}
}
