TN:
SF:/Users/mathiasakerberg/Documents/development/javascript/futurniture-test/app/main.js
FN:33,(anonymous_0)
FN:44,(anonymous_1)
FN:55,(anonymous_2)
FN:65,(anonymous_3)
FNF:4
FNH:1
FNDA:0,(anonymous_0)
FNDA:0,(anonymous_1)
FNDA:0,(anonymous_2)
FNDA:2,(anonymous_3)
DA:3,2
DA:5,2
DA:6,2
DA:7,2
DA:8,2
DA:9,2
DA:10,2
DA:11,2
DA:12,2
DA:14,2
DA:16,2
DA:19,2
DA:20,2
DA:23,2
DA:25,2
DA:26,2
DA:27,2
DA:28,2
DA:30,2
DA:33,2
DA:34,0
DA:35,0
DA:36,0
DA:43,2
DA:44,0
DA:45,0
DA:46,0
DA:55,2
DA:56,0
DA:57,0
DA:63,2
DA:65,2
DA:66,2
DA:69,2
LF:34
LH:26
BRDA:43,0,0,0
BRDA:43,0,1,2
BRDA:45,1,0,0
BRDA:45,1,1,0
BRDA:56,2,0,0
BRDA:56,2,1,0
BRDA:63,3,0,2
BRDA:63,3,1,2
BRF:8
BRH:3
end_of_record
TN:
SF:/Users/mathiasakerberg/Documents/development/javascript/futurniture-test/app/routes/index.js
FN:5,(anonymous_0)
FN:7,(anonymous_1)
FN:8,(anonymous_2)
FN:23,(anonymous_3)
FN:28,(anonymous_4)
FN:33,(anonymous_5)
FNF:6
FNH:6
FNDA:2,(anonymous_0)
FNDA:2,(anonymous_1)
FNDA:12,(anonymous_2)
FNDA:1,(anonymous_3)
FNDA:2,(anonymous_4)
FNDA:2,(anonymous_5)
DA:1,2
DA:2,2
DA:3,2
DA:5,2
DA:6,2
DA:7,2
DA:8,2
DA:9,12
DA:10,2
DA:13,12
DA:14,2
DA:16,10
DA:19,2
DA:23,2
DA:24,1
DA:28,2
DA:29,2
DA:30,2
DA:32,2
DA:34,2
DA:41,2
LF:21
LH:21
BRDA:9,0,0,2
BRDA:9,0,1,10
BRDA:13,1,0,2
BRDA:13,1,1,10
BRDA:29,2,0,1
BRDA:29,2,1,1
BRDA:30,3,0,1
BRDA:30,3,1,1
BRF:8
BRH:8
end_of_record
TN:
SF:/Users/mathiasakerberg/Documents/development/javascript/futurniture-test/app/tools/logger.js
FN:14,(anonymous_0)
FNF:1
FNH:1
FNDA:4,(anonymous_0)
DA:1,2
DA:2,2
DA:3,2
DA:6,2
DA:7,2
DA:8,0
DA:11,2
DA:14,4
DA:17,2
DA:34,2
DA:35,2
DA:40,2
LF:12
LH:11
BRDA:7,0,0,0
BRDA:7,0,1,2
BRDA:34,1,0,2
BRDA:34,1,1,0
BRF:4
BRH:2
end_of_record
