TN:
SF:/Users/mathiasakerberg/Documents/development/javascript/futurniture-test/app/main.js
FN:33,(anonymous_0)
FN:44,(anonymous_1)
FN:55,(anonymous_2)
FN:65,(anonymous_3)
FNF:4
FNH:1
FNDA:0,(anonymous_0)
FNDA:0,(anonymous_1)
FNDA:0,(anonymous_2)
FNDA:1,(anonymous_3)
DA:3,1
DA:5,1
DA:6,1
DA:7,1
DA:8,1
DA:9,1
DA:10,1
DA:11,1
DA:12,1
DA:14,1
DA:16,1
DA:19,1
DA:20,1
DA:23,1
DA:25,1
DA:26,1
DA:27,1
DA:28,1
DA:30,1
DA:33,1
DA:34,0
DA:35,0
DA:36,0
DA:43,1
DA:44,0
DA:45,0
DA:46,0
DA:55,1
DA:56,0
DA:57,0
DA:63,1
DA:65,1
DA:66,1
DA:69,1
LF:34
LH:26
BRDA:43,0,0,0
BRDA:43,0,1,1
BRDA:45,1,0,0
BRDA:45,1,1,0
BRDA:56,2,0,0
BRDA:56,2,1,0
BRDA:63,3,0,1
BRDA:63,3,1,1
BRF:8
BRH:3
end_of_record
TN:
SF:/Users/mathiasakerberg/Documents/development/javascript/futurniture-test/app/routes/index.js
FN:6,(anonymous_0)
FN:11,(anonymous_1)
FN:16,(anonymous_2)
FN:20,(anonymous_3)
FN:21,(anonymous_4)
FNF:5
FNH:5
FNDA:1,(anonymous_0)
FNDA:2,(anonymous_1)
FNDA:2,(anonymous_2)
FNDA:2,(anonymous_3)
FNDA:12,(anonymous_4)
DA:1,1
DA:2,1
DA:3,1
DA:6,1
DA:7,1
DA:11,1
DA:12,2
DA:13,2
DA:15,2
DA:19,2
DA:20,2
DA:21,2
DA:22,12
DA:23,2
DA:26,12
DA:27,2
DA:29,10
DA:33,2
DA:40,1
LF:19
LH:19
BRDA:12,0,0,1
BRDA:12,0,1,1
BRDA:13,1,0,1
BRDA:13,1,1,1
BRDA:22,2,0,2
BRDA:22,2,1,10
BRDA:26,3,0,2
BRDA:26,3,1,10
BRF:8
BRH:8
end_of_record
TN:
SF:/Users/mathiasakerberg/Documents/development/javascript/futurniture-test/app/tools/logger.js
FN:14,(anonymous_0)
FNF:1
FNH:1
FNDA:2,(anonymous_0)
DA:1,1
DA:2,1
DA:3,1
DA:6,1
DA:7,1
DA:8,0
DA:11,1
DA:14,2
DA:17,1
DA:34,1
DA:35,1
DA:40,1
LF:12
LH:11
BRDA:7,0,0,0
BRDA:7,0,1,1
BRDA:34,1,0,1
BRDA:34,1,1,0
BRF:4
BRH:2
end_of_record
